[main] INFO  MyStringClass  - String test started
[main] INFO  MyStringClass  - String test finished
[main] INFO  MyStringClass  - String test started
[main] INFO  MyStringClass  - This time you coin has revers
[main] INFO  MyStringClass  - String test finished
[main] INFO  MyStringClass  - String test started
[main] INFO  MyStringClass  - String test finished
[main] INFO  MyStringClass  - String test started
[main] INFO  MyStringClass  - String test finished
[main] INFO  MyStringClass  - String test started
[main] INFO  MyStringClass  - String test finished
[main] INFO  MyStringClass  - String test started
[main] INFO  MyStringClass  - String test finished
[main] INFO  MyStringClass  - String test started
[main] INFO  MyStringClass  - String test finished
[main] INFO  MyStringClass  - String test started
[main] INFO  MyStringClass  - String test finished
[main] INFO  MyStringClass  - String test started
[main] INFO  MyStringClass  - String test finished
[main] INFO  MyStringClass  - String test started
[main] INFO  MyStringClass  - String test finished
[main] INFO  MyStringClass  - String test started
[main] INFO  MyStringClass  - String test finished
[main] INFO  MyStringClass  - String test started
[main] INFO  MyStringClass  - String test finished
[main] INFO  MyStringClass  - String test started
[main] INFO  MyStringClass  - String test finished
[main] INFO  MyStringClass  - String test started
[main] INFO  MyStringClass  - String test finished
[main] INFO  MyStringClass  - String test started
[main] INFO  MyStringClass  - String test finished
[main] INFO  MyStringClass  - String test started
[main] INFO  MyStringClass  - String test finished
[main] INFO  MyStringClass  - String test started
[main] INFO  MyStringClass  - String test finished
[main] INFO  MyStringClass  - String test started
[main] INFO  MyStringClass  - String test finished
[main] INFO  MyStringClass  - String test started
[main] INFO  MyStringClass  - String test finished
[main] INFO  MyStringClass  - String test started
[main] INFO  MyStringClass  - String test finished
[main] INFO  MyStringClass  - String test started
[main] INFO  MyStringClass  - String test finished
[main] INFO  MyStringClass  - String test started
[main] INFO  MyStringClass  - String test finished
[main] INFO  MyStringClass  - String test started
[main] INFO  MyStringClass  - String test finished
[main] INFO  MyStringClass  - String test started
[main] INFO  MyStringClass  - 
[main] INFO  MyStringClass  - String test finished
[main] INFO  MyStringClass  - String test started
[main] INFO  MyStringClass  - String test finished
[main] INFO  MyStringClass  - String test started
[main] INFO  MyStringClass  - String test finished
[main] INFO  MyStringClass  - String test started
[main] INFO  MyStringClass  - String test finished
[main] INFO  MyStringClass  - String test started
[main] INFO  MyStringClass  - 
[main] INFO  MyStringClass  - String test finished
[main] INFO  MyStringClass  - String test started
[main] INFO  MyStringClass  - String test finished
[main] INFO  MyStringClass  - String test started
[main] INFO  MyStringClass  - String test finished
[main] INFO  MyStringClass  - String test started
[main] INFO  MyStringClass  - String test finished
[main] INFO  MyStringClass  - String test started
[main] INFO  MyStringClass  - MyStringClass@311d617d
[main] INFO  MyStringClass  - String test finished
[main] INFO  MyStringClass  - String test started
[main] INFO  MyStringClass  - t
[main] INFO  MyStringClass  - String test finished
[main] INFO  MyStringClass  - String test started
[main] INFO  MyStringClass  - t
[main] INFO  MyStringClass  - String test finished
[main] INFO  MyStringClass  - String test started
[main] INFO  MyStringClass  - String test finished
[main] INFO  MyStringClass  - String test started
[main] INFO  MyStringClass  - String test finished
[main] INFO  MyStringClass  - String test started
[main] INFO  MyStringClass  - String test finished
[main] INFO  MyStringClass  - String test started
[main] INFO  MyStringClass  - String test finished
[main] INFO  MyStringClass  - String test started
[main] INFO  MyStringClass  - String test finished
[main] INFO  MyStringClass  - String test started
[main] INFO  MyStringClass  - one
[main] INFO  MyStringClass  - String test finished
[main] INFO  MyStringClass  - String test started
[main] INFO  MyStringClass  - str1 = one
[main] INFO  MyStringClass  - String test finished
[main] INFO  MyStringClass  - String test started
[main] INFO  MyStringClass  - str1 = one
[main] INFO  MyStringClass  - str2 = onetwo
[main] INFO  MyStringClass  - String test finished
[main] INFO  MyStringClass  - String test started
[main] INFO  MyStringClass  - str1 = one
[main] INFO  MyStringClass  - str2 = one two
[main] INFO  MyStringClass  - String test finished
[main] INFO  MyStringClass  - String test started
[main] INFO  MyStringClass  - str1 = one
[main] INFO  MyStringClass  - str2 = one two
[main] INFO  MyStringClass  - String test finished
[main] INFO  MyStringClass  - String test started
[main] INFO  MyStringClass  - str1 = one
[main] INFO  MyStringClass  - str2 = one two
[main] INFO  MyStringClass  - str3 = three
[main] INFO  MyStringClass  - String test finished
[main] INFO  MyStringClass  - String test started
[main] INFO  MyStringClass  - str1 = one
[main] INFO  MyStringClass  - str2 = one two
[main] INFO  MyStringClass  - str3 = three
[main] INFO  MyStringClass  - String test finished
[main] INFO  MyStringClass  - String test started
[main] INFO  MyStringClass  - str1 = one
[main] INFO  MyStringClass  - str2 = one two
[main] INFO  MyStringClass  - str3 = three
[main] INFO  MyStringClass  - String test finished
[main] INFO  MyStringClass  - String test started
[main] INFO  MyStringClass  - str1 = one
[main] INFO  MyStringClass  - str2 = two
[main] INFO  MyStringClass  - str3 = three
[main] INFO  MyStringClass  - String test finished
[main] INFO  MyStringClass  - String test started
[main] INFO  MyStringClass  - str1 = one
[main] INFO  MyStringClass  - str2 = two
[main] INFO  MyStringClass  - str3 = three
[main] INFO  MyStringClass  - String test finished
[main] INFO  MyStringClass  - String test started
[main] INFO  MyStringClass  - str1 = one
[main] INFO  MyStringClass  - str2 = two
[main] INFO  MyStringClass  - str3 = three
[main] INFO  MyStringClass  - three
[main] INFO  MyStringClass  - String test finished
[main] INFO  MyStringClass  - String test started
[main] INFO  MyStringClass  - str1 = one
[main] INFO  MyStringClass  - str2 = two
[main] INFO  MyStringClass  - str3 = three
[main] INFO  MyStringClass  - three
[main] INFO  MyStringClass  - String test finished
[main] INFO  MyStringClass  - String test started
[main] INFO  MyStringClass  - str1 = one
[main] INFO  MyStringClass  - str2 = two
[main] INFO  MyStringClass  - str3 = new three
[main] INFO  MyStringClass  - new three
[main] INFO  MyStringClass  - String test finished
[main] INFO  MyStringClass  - String test started
[main] INFO  MyStringClass  - str1 = one
[main] INFO  MyStringClass  - str2 = two
[main] INFO  MyStringClass  - str3 = new three
[main] INFO  MyStringClass  - new three+
[main] INFO  MyStringClass  - String test finished
[main] INFO  MyStringClass  - String test started
[main] INFO  MyStringClass  - str1 = one
[main] INFO  MyStringClass  - str2 = two
[main] INFO  MyStringClass  - str3 = three
[main] INFO  MyStringClass  - three+
[main] INFO  MyStringClass  - String test finished
[main] INFO  MyStringClass  - String test started
[main] INFO  MyStringClass  - str1 = one
[main] INFO  MyStringClass  - str2 = two
[main] INFO  MyStringClass  - str3 = three
[main] INFO  MyStringClass  - String test finished
[main] INFO  MyStringClass  - String test started
[main] INFO  MyStringClass  - str1 = one
[main] INFO  MyStringClass  - str2 = two
[main] INFO  MyStringClass  - str3 = three
[main] INFO  MyStringClass  - String test finished
[main] INFO  MyStringClass  - String test started
[main] INFO  MyStringClass  - str1 = one
[main] INFO  MyStringClass  - str2 = two
[main] INFO  MyStringClass  - str3 = three
[main] INFO  MyStringClass  - String test finished
[main] INFO  MyStringClass  - String test started
[main] INFO  MyStringClass  - str1 = one
[main] INFO  MyStringClass  - str2 = two
[main] INFO  MyStringClass  - str3 = three
[main] INFO  MyStringClass  - String test finished
[main] INFO  MyStringClass  - String test started
[main] INFO  MyStringClass  - str1 = one
[main] INFO  MyStringClass  - str2 = two
[main] INFO  MyStringClass  - str3 = three
[main] INFO  MyStringClass  - String test finished
[main] INFO  MyStringClass  - Array test started
[main] INFO  MyStringClass  - Array test finished
[main] INFO  MyArrayClass  - Array test started
[main] INFO  MyArrayClass  - Array test finished
[main] INFO  MyArrayClass  - Array test started
[main] INFO  MyArrayClass  - Array test finished
[main] INFO  MyArrayClass  - Array test started
[main] INFO  MyArrayClass  - arraySum = 10
[main] INFO  MyArrayClass  - Array test finished
[main] INFO  MyArrayClass  - Array test started
[main] INFO  MyArrayClass  - Array test finished
[main] INFO  MyArrayClass  - Array test started
[main] INFO  MyArrayClass  - arraySum = 10
[main] INFO  MyArrayClass  - Array test finished
[main] INFO  MyArrayClass  - Array test started
[main] INFO  MyArrayClass  - arraySum = 10
[main] INFO  MyArrayClass  - Array test finished
[main] INFO  MyArrayClass  - Array test started
[main] INFO  MyArrayClass  - arraySum = 10
[main] INFO  MyArrayClass  - Array test finished
[main] INFO  MyArrayClass  - Array test started
[main] INFO  MyArrayClass  - arraySum = 10
[main] INFO  MyArrayClass  - arrayAverage = 2.0
[main] INFO  MyArrayClass  - Array test finished
[main] INFO  MyStringClass  - String test started
[main] INFO  MyStringClass  - str1 = one
[main] INFO  MyStringClass  - str2 = two
[main] INFO  MyStringClass  - str3 = three
[main] INFO  MyStringClass  - String test finished
[main] INFO  MyArrayClass  - Array test started
[main] INFO  MyArrayClass  - arraySum = 10
[main] INFO  MyArrayClass  - arrayAverage = 2.0
[main] INFO  MyArrayClass  - Array test finished
[main] INFO  MyArrayClass  - Array test started
[main] INFO  MyArrayClass  - arraySum = 10
[main] INFO  MyArrayClass  - arrayAverage = 2.0
[main] INFO  MyArrayClass  - array = MyArrayClass@42f30e0a
[main] INFO  MyArrayClass  - Array test finished
[main] INFO  MyArrayClass  - Array test started
[main] INFO  MyArrayClass  - arraySum = 10
[main] INFO  MyArrayClass  - arrayAverage = 2.0
[main] INFO  MyArrayClass  - array = MyArrayClass@42f30e0a
[main] INFO  MyArrayClass  - Array test finished
[main] INFO  MyArrayClass  - Array test started
[main] INFO  MyArrayClass  - arraySum = 10
[main] INFO  MyArrayClass  - arrayAverage = 2.0
[main] INFO  MyArrayClass  - array = MyArrayClass@42f30e0a
[main] INFO  MyArrayClass  - Array test finished
[main] INFO  MyArrayClass  - Array test started
[main] INFO  MyArrayClass  - arraySum = 10
[main] INFO  MyArrayClass  - arrayAverage = 2.0
[main] INFO  MyArrayClass  - array = MyArrayClass@42f30e0a
[main] INFO  MyArrayClass  - Array test finished
[main] INFO  MyArrayClass  - Array test started
[main] INFO  MyArrayClass  - arraySum = 10
[main] INFO  MyArrayClass  - arrayAverage = 2.0
[main] INFO  MyArrayClass  - array = [I@42f30e0a
[main] INFO  MyArrayClass  - Array test finished
[main] INFO  MyArrayClass  - Array test started
[main] INFO  MyArrayClass  - arraySum = 10
[main] INFO  MyArrayClass  - arrayAverage = 2.0
[main] INFO  MyArrayClass  - array = [I@42f30e0a
[main] INFO  MyArrayClass  - Array test finished
[main] INFO  MyArrayClass  - Array test started
[main] INFO  MyArrayClass  - arraySum = 10
[main] INFO  MyArrayClass  - arrayAverage = 2.0
[main] INFO  MyArrayClass  - array = [I@42f30e0a
[main] INFO  MyArrayClass  - Array test finished
[main] INFO  MyArrayClass  - Array test started
[main] INFO  MyArrayClass  - arraySum = 10
[main] INFO  MyArrayClass  - arrayAverage = 2.0
[main] INFO  MyArrayClass  - array = [I@42f30e0a
[main] INFO  MyArrayClass  - Array test finished
[main] INFO  MyArrayClass  - Array test started
[main] INFO  MyArrayClass  - arraySum = 10
[main] INFO  MyArrayClass  - arrayAverage = 2.0
[main] INFO  MyArrayClass  - array = [I@42f30e0a
[main] INFO  MyArrayClass  - Array test finished
[main] INFO  MyArrayClass  - Array test started
[main] INFO  MyArrayClass  - arraySum = 10
[main] INFO  MyArrayClass  - arrayAverage = 2.0
[main] INFO  MyArrayClass  - array = [I@42f30e0a
[main] INFO  MyArrayClass  - Array test finished
[main] INFO  MyArrayClass  - Array test started
[main] INFO  MyArrayClass  - arraySum = 10
[main] INFO  MyArrayClass  - arrayAverage = 2.0
[main] INFO  MyArrayClass  - array = [I@42f30e0a
[main] INFO  MyArrayClass  - Array test finished
[main] INFO  MyArrayClass  - Array test started
[main] INFO  MyArrayClass  - arraySum = 10
[main] INFO  MyArrayClass  - arrayAverage = 2.0
[main] INFO  MyArrayClass  - array = [-3, 5, 10, 0, -2]
[main] INFO  MyArrayClass  - Array test finished
[main] INFO  MyArrayClass  - Array test started
[main] INFO  MyArrayClass  - arraySum = 10
[main] INFO  MyArrayClass  - arrayAverage = 2.0
[main] INFO  MyArrayClass  - array befor increaser = [-3, 5, 10, 0, -2]
[main] INFO  MyArrayClass  - array befor increaser = [-6, 10, 20, 0, -4]
[main] INFO  MyArrayClass  - Array test finished
[main] INFO  MyStringClass  - String test started
[main] INFO  MyStringClass  - str1 = one
[main] INFO  MyStringClass  - str2 = two
[main] INFO  MyStringClass  - str3 = three
[main] INFO  MyStringClass  - String test finished
[main] INFO  MyArrayClass  - Array test started
[main] INFO  MyArrayClass  - arraySum = 10
[main] INFO  MyArrayClass  - arrayAverage = 2.0
[main] INFO  MyArrayClass  - array befor increaser = [-3, 5, 10, 0, -2]
[main] INFO  MyArrayClass  - array befor increaser = [-6, 10, 20, 0, -4]
[main] INFO  MyArrayClass  - Array test finished
[main] INFO  MyArrayClass  - Array test started
[main] INFO  MyArrayClass  - arraySum = 10
[main] INFO  MyArrayClass  - arrayAverage = 2.0
[main] INFO  MyArrayClass  - array befor increaser = [-3, 5, 10, 0, -2]
[main] INFO  MyArrayClass  - array befor increaser = [-6, 10, 20, 0, -4]
[main] INFO  MyArrayClass  - Array test finished
[main] INFO  MyStringClass  - String test started
[main] INFO  MyStringClass  - String test finished
[main] INFO  MyStringClass  - String test started
[main] INFO  MyStringClass  - String test finished
[main] INFO  MyStringClass  - String test started
[main] INFO  MyStringClass  - String test finished
[main] INFO  MyStringClass  - String test started
[main] INFO  MyStringClass  - String test finished
[main] INFO  MyStringClass  - String test started
[main] INFO  MyStringClass  - String test finished
[main] INFO  MyStringClass  - String test started
[main] INFO  MyStringClass  - String test finished
[main] INFO  MyStringClass  - String test started
[main] INFO  MyStringClass  - String test finished
[main] INFO  MyStringClass  - String test started
[main] INFO  MyStringClass  - String test finished
[main] INFO  MyStringClass  - String test started
[main] INFO  MyStringClass  - String test finished
[main] INFO  MyStringClass  - String test started
[main] INFO  MyStringClass  - String test finished
[main] INFO  MyStringClass  - String test started
[main] INFO  MyStringClass  - String test finished
[main] INFO  MyStringClass  - String test started
[main] INFO  MyStringClass  - String test finished
[main] INFO  MyStringClass  - String test started
[main] INFO  MyStringClass  - String test finished
[main] INFO  MyStringClass  - String test started
[main] INFO  MyStringClass  - String test finished
[main] INFO  MyArrayClass  - Array test started
[main] INFO  MyArrayClass  - arraySum = 10
[main] INFO  MyArrayClass  - arraySum = 10
[main] INFO  MyArrayClass  - arraySum = 10
[main] INFO  MyArrayClass  - Array test finished
[main] INFO  MyArrayClass  - Array test started
[main] INFO  MyArrayClass  - Array test finished
[main] INFO  MyArrayClass  - Array test started
[main] INFO  MyArrayClass  - arraySum = 10
[main] INFO  MyArrayClass  - arraySum = 10
[main] INFO  MyArrayClass  - arraySum = 10
[main] INFO  MyArrayClass  - Array test finished
[main] INFO  MyArrayClass  - Array test started
[main] INFO  MyArrayClass  - arraySum = 15
[main] INFO  MyArrayClass  - arraySum = 15
[main] INFO  MyArrayClass  - arraySum = 10
[main] INFO  MyArrayClass  - Array test finished
[main] INFO  MyArrayClass  - Array test started
[main] INFO  MyArrayClass  - arraySum = 15
[main] INFO  MyArrayClass  - arraySum = 15
[main] INFO  MyArrayClass  - arraySum = 10
[main] INFO  MyArrayClass  - Array test finished
[main] INFO  MyArrayClass  - Array test started
[main] INFO  MyArrayClass  - arraySum = 15
[main] INFO  MyArrayClass  - arraySum = 15
[main] INFO  MyArrayClass  - arraySum = 10
[main] INFO  MyArrayClass  - Array test finished
